-------------------------------------------------------------------------------
Test set: com.archerprop.appinventorypc.AppInventoryPCTest
-------------------------------------------------------------------------------
Tests run: 1, Failures: 1, Errors: 0, Skipped: 0, Time elapsed: 40.826 s <<< FAILURE! - in com.archerprop.appinventorypc.AppInventoryPCTest
testearServicio  Time elapsed: 3.432 s  <<< FAILURE!
org.opentest4j.AssertionFailedError: expected: <false> but was: <true>
	at com.archerprop.appinventorypc.AppInventoryPCTest.testearServicio(AppInventoryPCTest.java:40)

